\BOOKMARK [0][-]{chapter.1}{\376\377\000I\000n\000t\000r\000o\000d\000u\000\347\000\343\000o\000\040\000\340\000\040\000E\000n\000g\000e\000n\000h\000a\000r\000i\000a\000\040\000d\000a\000\040\000Q\000u\000a\000l\000i\000d\000a\000d\000e}{}% 1
\BOOKMARK [1][-]{section.1.1}{\376\377\000Q\000u\000a\000l\000i\000d\000a\000d\000e\000\040\000e\000\040\000C\000o\000n\000f\000i\000a\000b\000i\000l\000i\000d\000a\000d\000e}{chapter.1}% 2
\BOOKMARK [1][-]{section.1.2}{\376\377\000\301\000r\000e\000a\000s\000\040\000d\000e\000\040\000A\000t\000u\000a\000\347\000\343\000o\000\040\000d\000a\000\040\000E\000n\000g\000e\000n\000h\000a\000r\000i\000a\000\040\000d\000a\000\040\000Q\000u\000a\000l\000i\000d\000a\000d\000e}{chapter.1}% 3
\BOOKMARK [2][-]{subsection.1.2.1}{\376\377\000Q\000u\000a\000l\000i\000d\000a\000d\000e\000\040\000d\000e\000\040\000s\000o\000f\000t\000w\000a\000r\000e}{section.1.2}% 4
\BOOKMARK [1][-]{section.1.3}{\376\377\000O\000\040\000P\000r\000o\000g\000r\000a\000m\000a\000\040\000A\000p\000o\000l\000l\000o\000\040\000e\000\040\000a\000\040\000E\000n\000g\000e\000n\000h\000a\000r\000i\000a\000\040\000d\000e\000\040\000C\000o\000n\000f\000i\000a\000b\000i\000l\000i\000d\000a\000d\000e}{chapter.1}% 5
\BOOKMARK [2][-]{subsection.1.3.1}{\376\377\000M\000a\000r\000g\000a\000r\000e\000t\000\040\000H\000a\000m\000i\000l\000t\000o\000n\000\040\000e\000\040\000o\000\040\000P\000e\000n\000s\000a\000m\000e\000n\000t\000o\000\040\000d\000e\000\040\000C\000o\000n\000f\000i\000a\000b\000i\000l\000i\000d\000a\000d\000e}{section.1.3}% 6
\BOOKMARK [2][-]{subsection.1.3.2}{\376\377\000O\000\040\000E\000p\000i\000s\000\363\000d\000i\000o\000\040\000n\000o\000\040\000S\000i\000m\000u\000l\000a\000d\000o\000r\000\040\000d\000e\000\040\000M\000i\000s\000s\000\343\000o}{section.1.3}% 7
\BOOKMARK [2][-]{subsection.1.3.3}{\376\377\000O\000\040\000P\000r\000o\000b\000l\000e\000m\000a\000\040\000T\000\351\000c\000n\000i\000c\000o\000\040\000I\000d\000e\000n\000t\000i\000f\000i\000c\000a\000d\000o}{section.1.3}% 8
\BOOKMARK [2][-]{subsection.1.3.4}{\376\377\000A\000\040\000P\000r\000o\000p\000o\000s\000t\000a\000\040\000d\000e\000\040\000S\000o\000l\000u\000\347\000\343\000o\000\040\000d\000e\000\040\000M\000a\000r\000g\000a\000r\000e\000t\000\040\000H\000a\000m\000i\000l\000t\000o\000n}{section.1.3}% 9
\BOOKMARK [2][-]{subsection.1.3.5}{\376\377\000O\000\040\000I\000n\000c\000i\000d\000e\000n\000t\000e\000\040\000R\000e\000a\000l\000\040\000n\000a\000\040\000A\000p\000o\000l\000l\000o\000\040\0008}{section.1.3}% 10
\BOOKMARK [2][-]{subsection.1.3.6}{\376\377\000L\000i\000\347\000\365\000e\000s\000\040\000p\000a\000r\000a\000\040\000a\000\040\000E\000n\000g\000e\000n\000h\000a\000r\000i\000a\000\040\000M\000o\000d\000e\000r\000n\000a\000\040\000e\000\040\000S\000R\000E}{section.1.3}% 11
\BOOKMARK [1][-]{section.1.4}{\376\377\000M\000o\000d\000e\000l\000o\000\040\000T\000r\000a\000d\000i\000c\000i\000o\000n\000a\000l\000:\000\040\000S\000y\000s\000a\000d\000m\000i\000n\000,\000\040\000D\000e\000v\000\040\000e\000\040\000O\000p\000s}{chapter.1}% 12
\BOOKMARK [2][-]{subsection.1.4.1}{\376\377\000A\000\040\000A\000b\000o\000r\000d\000a\000g\000e\000m\000\040\000c\000o\000m\000\040\000A\000d\000m\000i\000n\000i\000s\000t\000r\000a\000d\000o\000r\000e\000s\000\040\000d\000e\000\040\000S\000i\000s\000t\000e\000m\000a\000s}{section.1.4}% 13
\BOOKMARK [2][-]{subsection.1.4.2}{\376\377\000C\000o\000n\000f\000l\000i\000t\000o\000s\000\040\000E\000s\000t\000r\000u\000t\000u\000r\000a\000i\000s\000\040\000e\000n\000t\000r\000e\000\040\000D\000e\000v\000\040\000e\000\040\000O\000p\000s}{section.1.4}% 14
\BOOKMARK [2][-]{subsection.1.4.3}{\376\377\000R\000e\000s\000p\000o\000s\000t\000a\000s\000\040\000T\000\355\000p\000i\000c\000a\000s\000\040\000a\000o\000\040\000C\000o\000n\000f\000l\000i\000t\000o}{section.1.4}% 15
\BOOKMARK [1][-]{section.1.5}{\376\377\000A\000\040\000A\000b\000o\000r\000d\000a\000g\000e\000m\000\040\000d\000o\000\040\000G\000o\000o\000g\000l\000e\000:\000\040\000S\000i\000t\000e\000\040\000R\000e\000l\000i\000a\000b\000i\000l\000i\000t\000y\000\040\000E\000n\000g\000i\000n\000e\000e\000r\000i\000n\000g\000\040\000\050\000S\000R\000E\000\051}{chapter.1}% 16
\BOOKMARK [2][-]{subsection.1.5.1}{\376\377\000M\000o\000t\000i\000v\000a\000\347\000\343\000o\000\040\000p\000a\000r\000a\000\040\000o\000\040\000M\000o\000d\000e\000l\000o\000\040\000S\000R\000E}{section.1.5}% 17
\BOOKMARK [2][-]{subsection.1.5.2}{\376\377\000D\000e\000f\000i\000n\000i\000\347\000\343\000o\000\040\000d\000e\000\040\000S\000R\000E}{section.1.5}% 18
\BOOKMARK [2][-]{subsection.1.5.3}{\376\377\000C\000o\000m\000p\000o\000s\000i\000\347\000\343\000o\000\040\000e\000\040\000P\000e\000r\000f\000i\000l\000\040\000d\000a\000s\000\040\000E\000q\000u\000i\000p\000e\000s\000\040\000d\000e\000\040\000S\000R\000E}{section.1.5}% 19
\BOOKMARK [2][-]{subsection.1.5.4}{\376\377\000E\000s\000c\000a\000l\000a\000b\000i\000l\000i\000d\000a\000d\000e\000\040\000p\000o\000r\000\040\000E\000n\000g\000e\000n\000h\000a\000r\000i\000a\000,\000\040\000n\000\343\000o\000\040\000p\000o\000r\000\040\000P\000e\000s\000s\000o\000a\000s}{section.1.5}% 20
\BOOKMARK [2][-]{subsection.1.5.5}{\376\377\000A\000\040\000R\000e\000g\000r\000a\000\040\000d\000o\000s\000\040\0005\0000\000\045}{section.1.5}% 21
\BOOKMARK [2][-]{subsection.1.5.6}{\376\377\000B\000e\000n\000e\000f\000\355\000c\000i\000o\000s\000\040\000e\000\040\000D\000e\000s\000a\000f\000i\000o\000s\000\040\000d\000o\000\040\000M\000o\000d\000e\000l\000o\000\040\000S\000R\000E}{section.1.5}% 22
\BOOKMARK [1][-]{section.1.6}{\376\377\000D\000e\000v\000O\000p\000s\000\040\000v\000e\000r\000s\000u\000s\000\040\000S\000R\000E}{chapter.1}% 23
\BOOKMARK [1][-]{section*.2}{\376\377\000C\000o\000n\000s\000i\000d\000e\000r\000a\000\347\000\365\000e\000s\000\040\000F\000i\000n\000a\000i\000s}{chapter.1}% 24
\BOOKMARK [0][-]{chapter.2}{\376\377\000E\000n\000g\000e\000n\000h\000a\000r\000i\000a\000\040\000d\000a\000\040\000C\000o\000n\000f\000i\000a\000b\000i\000l\000i\000d\000a\000d\000e\000\040\000s\000e\000g\000u\000n\000d\000o\000\040\000S\000o\000m\000m\000e\000r\000v\000i\000l\000l\000e}{}% 25
\BOOKMARK [1][-]{section.2.1}{\376\377\000D\000i\000s\000p\000o\000n\000i\000b\000i\000l\000i\000d\000a\000d\000e\000\040\000d\000e\000\040\000S\000e\000r\000v\000i\000\347\000o\000s\000\040\000e\000\040\000D\000e\000s\000a\000f\000i\000o\000s}{chapter.2}% 26
\BOOKMARK [1][-]{section.2.2}{\376\377\000E\000r\000r\000o\000,\000\040\000D\000e\000f\000e\000i\000t\000o\000\040\000e\000\040\000F\000a\000l\000h\000a}{chapter.2}% 27
\BOOKMARK [2][-]{subsection.2.2.1}{\376\377\000E\000r\000r\000o\000\040\000H\000u\000m\000a\000n\000o}{section.2.2}% 28
\BOOKMARK [2][-]{subsection.2.2.2}{\376\377\000D\000e\000f\000e\000i\000t\000o\000\040\000d\000e\000\040\000S\000i\000s\000t\000e\000m\000a}{section.2.2}% 29
\BOOKMARK [2][-]{subsection.2.2.3}{\376\377\000E\000r\000r\000o\000\040\000d\000e\000\040\000S\000i\000s\000t\000e\000m\000a\000\040\000e\000\040\000F\000a\000l\000h\000a}{section.2.2}% 30
\BOOKMARK [1][-]{section.2.3}{\376\377\000N\000e\000m\000\040\000T\000o\000d\000o\000\040\000D\000e\000f\000e\000i\000t\000o\000\040\000G\000e\000r\000a\000\040\000F\000a\000l\000h\000a}{chapter.2}% 31
\BOOKMARK [1][-]{section.2.4}{\376\377\000P\000r\000e\000v\000e\000n\000\347\000\343\000o\000,\000\040\000D\000e\000t\000e\000c\000\347\000\343\000o\000\040\000e\000\040\000T\000o\000l\000e\000r\000\342\000n\000c\000i\000a\000\040\000a\000\040\000D\000e\000f\000e\000i\000t\000o\000s}{chapter.2}% 32
\BOOKMARK [2][-]{subsection.2.4.1}{\376\377\000P\000r\000e\000v\000e\000n\000\347\000\343\000o\000\040\000d\000e\000\040\000D\000e\000f\000e\000i\000t\000o\000s}{section.2.4}% 33
\BOOKMARK [2][-]{subsection.2.4.2}{\376\377\000D\000e\000t\000e\000c\000\347\000\343\000o\000\040\000e\000\040\000C\000o\000r\000r\000e\000\347\000\343\000o\000\040\000d\000e\000\040\000D\000e\000f\000e\000i\000t\000o\000s}{section.2.4}% 34
\BOOKMARK [2][-]{subsection.2.4.3}{\376\377\000T\000o\000l\000e\000r\000\342\000n\000c\000i\000a\000\040\000a\000\040\000D\000e\000f\000e\000i\000t\000o\000s}{section.2.4}% 35
\BOOKMARK [1][-]{section.2.5}{\376\377\000C\000o\000n\000f\000i\000a\000b\000i\000l\000i\000d\000a\000d\000e\000\040\000e\000\040\000D\000i\000s\000p\000o\000n\000i\000b\000i\000l\000i\000d\000a\000d\000e}{chapter.2}% 36
\BOOKMARK [2][-]{subsection.2.5.1}{\376\377\000C\000o\000n\000f\000i\000a\000b\000i\000l\000i\000d\000a\000d\000e}{section.2.5}% 37
\BOOKMARK [2][-]{subsection.2.5.2}{\376\377\000D\000i\000s\000p\000o\000n\000i\000b\000i\000l\000i\000d\000a\000d\000e}{section.2.5}% 38
\BOOKMARK [1][-]{section.2.6}{\376\377\000D\000e\000p\000e\000n\000d\000a\000b\000i\000l\000i\000d\000a\000d\000e}{chapter.2}% 39
\BOOKMARK [1][-]{section.2.7}{\376\377\000M\000\351\000t\000r\000i\000c\000a\000s\000\040\000d\000e\000\040\000C\000o\000n\000f\000i\000a\000b\000i\000l\000i\000d\000a\000d\000e\000\040\000e\000\040\000D\000i\000s\000p\000o\000n\000i\000b\000i\000l\000i\000d\000a\000d\000e}{chapter.2}% 40
\BOOKMARK [2][-]{subsection.2.7.1}{\376\377\000P\000O\000F\000O\000D\000\040\000e\000\040\000R\000O\000C\000O\000F}{section.2.7}% 41
\BOOKMARK [2][-]{subsection.2.7.2}{\376\377\000M\000T\000T\000R\000\040\000e\000\040\000D\000i\000s\000p\000o\000n\000i\000b\000i\000l\000i\000d\000a\000d\000e}{section.2.7}% 42
\BOOKMARK [1][-]{section.2.8}{\376\377\000V\000i\000s\000\343\000o\000\040\000B\000a\000s\000e\000a\000d\000a\000\040\000e\000m\000\040\000E\000n\000t\000r\000a\000d\000a\000s\000\040\000e\000\040\000S\000a\000\355\000d\000a\000s}{chapter.2}% 43
\BOOKMARK [1][-]{section.2.9}{\376\377\000C\000o\000n\000s\000i\000d\000e\000r\000a\000\347\000\365\000e\000s\000\040\000F\000i\000n\000a\000i\000s\000\040\000s\000o\000b\000r\000e\000\040\000S\000o\000m\000m\000e\000r\000v\000i\000l\000l\000e}{chapter.2}% 44
\BOOKMARK [0][-]{chapter.3}{\376\377\000A\000r\000q\000u\000i\000t\000e\000t\000u\000r\000a\000s\000\040\000T\000o\000l\000e\000r\000a\000n\000t\000e\000s\000\040\000a\000\040\000D\000e\000f\000e\000i\000t\000o\000s\000\040\000e\000\040\000D\000i\000v\000e\000r\000s\000i\000d\000a\000d\000e\000\040\000d\000e\000\040\000S\000o\000f\000t\000w\000a\000r\000e}{}% 45
\BOOKMARK [1][-]{section.3.1}{\376\377\000A\000r\000q\000u\000i\000t\000e\000t\000u\000r\000a\000s\000\040\000T\000o\000l\000e\000r\000a\000n\000t\000e\000s\000\040\000a\000\040\000D\000e\000f\000e\000i\000t\000o\000s}{chapter.3}% 46
\BOOKMARK [2][-]{subsection.3.1.1}{\376\377\000V\000i\000s\000\343\000o\000\040\000G\000e\000r\000a\000l\000\040\000e\000m\000\040\000B\000l\000o\000c\000o\000s}{section.3.1}% 47
\BOOKMARK [1][-]{section.3.2}{\376\377\000S\000i\000s\000t\000e\000m\000a\000s\000\040\000d\000e\000\040\000P\000r\000o\000t\000e\000\347\000\343\000o}{chapter.3}% 48
\BOOKMARK [2][-]{subsection.3.2.1}{\376\377\000D\000i\000a\000g\000r\000a\000m\000a\000\040\000d\000e\000\040\000u\000m\000\040\000S\000i\000s\000t\000e\000m\000a\000\040\000d\000e\000\040\000P\000r\000o\000t\000e\000\347\000\343\000o}{section.3.2}% 49
\BOOKMARK [1][-]{section.3.3}{\376\377\000A\000r\000q\000u\000i\000t\000e\000t\000u\000r\000a\000s\000\040\000d\000e\000\040\000A\000u\000t\000o\000m\000o\000n\000i\000t\000o\000r\000a\000m\000e\000n\000t\000o}{chapter.3}% 50
\BOOKMARK [2][-]{subsection.3.3.1}{\376\377\000E\000s\000q\000u\000e\000m\000a\000\040\000d\000e\000\040\000D\000o\000i\000s\000\040\000C\000a\000n\000a\000i\000s\000\040\000e\000m\000\040\000P\000a\000r\000a\000l\000e\000l\000o}{section.3.3}% 51
\BOOKMARK [1][-]{section.3.4}{\376\377\000D\000i\000v\000e\000r\000s\000i\000d\000a\000d\000e\000\040\000d\000e\000\040\000H\000a\000r\000d\000w\000a\000r\000e\000\040\000e\000\040\000d\000e\000\040\000S\000o\000f\000t\000w\000a\000r\000e}{chapter.3}% 52
\BOOKMARK [2][-]{subsection.3.4.1}{\376\377\000D\000i\000v\000e\000r\000s\000i\000d\000a\000d\000e\000\040\000d\000e\000\040\000H\000a\000r\000d\000w\000a\000r\000e}{section.3.4}% 53
\BOOKMARK [2][-]{subsection.3.4.2}{\376\377\000D\000i\000v\000e\000r\000s\000i\000d\000a\000d\000e\000\040\000d\000e\000\040\000S\000o\000f\000t\000w\000a\000r\000e}{section.3.4}% 54
\BOOKMARK [1][-]{section.3.5}{\376\377\000P\000r\000o\000g\000r\000a\000m\000a\000\347\000\343\000o\000\040\000N\000-\000v\000e\000r\000s\000\365\000e\000s}{chapter.3}% 55
\BOOKMARK [2][-]{subsection.3.5.1}{\376\377\000D\000i\000a\000g\000r\000a\000m\000a\000\040\000C\000o\000n\000c\000e\000i\000t\000u\000a\000l\000\040\000d\000e\000\040\000N\000-\000v\000e\000r\000s\000\365\000e\000s}{section.3.5}% 56
\BOOKMARK [1][-]{section.3.6}{\376\377\000C\000o\000n\000c\000l\000u\000s\000\365\000e\000s\000\040\000s\000o\000b\000r\000e\000\040\000D\000i\000v\000e\000r\000s\000i\000d\000a\000d\000e\000\040\000e\000\040\000T\000o\000l\000e\000r\000\342\000n\000c\000i\000a\000\040\000a\000\040\000D\000e\000f\000e\000i\000t\000o\000s}{chapter.3}% 57
\BOOKMARK [1][-]{section.3.7}{\376\377\000H\000a\000d\000o\000o\000p\000:\000\040\000T\000o\000l\000e\000r\000\342\000n\000c\000i\000a\000\040\000a\000\040\000D\000e\000f\000e\000i\000t\000o\000s\000\040\000e\000m\000\040\000E\000s\000c\000a\000l\000a\000\040\000P\000l\000a\000n\000e\000t\000\341\000r\000i\000a}{chapter.3}% 58
\BOOKMARK [2][-]{subsection.3.7.1}{\376\377\000O\000\040\000Q\000u\000e\000\040\000\351\000\040\000o\000\040\000H\000a\000d\000o\000o\000p}{section.3.7}% 59
\BOOKMARK [2][-]{subsection.3.7.2}{\376\377\000C\000o\000m\000o\000\040\000F\000u\000n\000c\000i\000o\000n\000a\000\040\000o\000\040\000C\000l\000u\000s\000t\000e\000r\000\040\000H\000a\000d\000o\000o\000p}{section.3.7}% 60
\BOOKMARK [2][-]{subsection.3.7.3}{\376\377\000T\000o\000l\000e\000r\000\342\000n\000c\000i\000a\000\040\000a\000\040\000D\000e\000f\000e\000i\000t\000o\000s\000\040\000n\000o\000\040\000H\000a\000d\000o\000o\000p}{section.3.7}% 61
\BOOKMARK [0][-]{chapter.4}{\376\377\000M\000o\000n\000i\000t\000o\000r\000a\000\347\000\343\000o\000\040\000A\000g\000r\000e\000g\000a\000d\000a\000:\000\040\000P\000r\000i\000n\000c\000\355\000p\000i\000o\000s\000\040\000d\000o\000\040\000G\000o\000o\000g\000l\000e\000\040\000S\000R\000E\000\040\000e\000\040\000M\000\351\000t\000r\000i\000c\000a\000s\000\040\000d\000e\000\040\000C\000o\000n\000f\000i\000a\000b\000i\000l\000i\000d\000a\000d\000e}{}% 62
\BOOKMARK [1][-]{section.4.1}{\376\377\000A\000\040\000F\000i\000l\000o\000s\000o\000f\000i\000a\000\040\000d\000a\000\040\000M\000e\000d\000i\000\347\000\343\000o\000\040\000n\000o\000\040\000G\000o\000o\000g\000l\000e\000\040\000S\000R\000E}{chapter.4}% 63
\BOOKMARK [1][-]{section.4.2}{\376\377\000I\000m\000p\000a\000c\000t\000o\000s\000\040\000d\000a\000s\000\040\000F\000a\000l\000h\000a\000s\000\040\000d\000e\000\040\000S\000e\000r\000v\000i\000\347\000o}{chapter.4}% 64
\BOOKMARK [1][-]{section.4.3}{\376\377\000D\000o\000w\000n\000t\000i\000m\000e\000\040\000N\000\343\000o\000\040\000P\000l\000a\000n\000e\000j\000a\000d\000o\000\040\000e\000\040\000D\000i\000s\000p\000o\000n\000i\000b\000i\000l\000i\000d\000a\000d\000e}{chapter.4}% 65
\BOOKMARK [2][-]{subsection.4.3.1}{\376\377\000C\000\341\000l\000c\000u\000l\000o\000\040\000d\000e\000\040\000D\000i\000s\000p\000o\000n\000i\000b\000i\000l\000i\000d\000a\000d\000e\000\040\000B\000a\000s\000e\000a\000d\000a\000\040\000e\000m\000\040\000T\000e\000m\000p\000o}{section.4.3}% 66
\BOOKMARK [2][-]{subsection.4.3.2}{\376\377\000A\000\040\000E\000s\000c\000a\000l\000a\000\040\000d\000o\000s\000\040\000N\000o\000v\000e\000s}{section.4.3}% 67
\BOOKMARK [1][-]{section.4.4}{\376\377\000C\000o\000n\000f\000i\000a\000b\000i\000l\000i\000d\000a\000d\000e\000\040\000e\000m\000\040\000S\000i\000s\000t\000e\000m\000a\000s\000\040\000D\000i\000s\000t\000r\000i\000b\000u\000\355\000d\000o\000s}{chapter.4}% 68
\BOOKMARK [2][-]{subsection.4.4.1}{\376\377\000O\000\040\000P\000r\000o\000b\000l\000e\000m\000a\000\040\000d\000a\000\040\000F\000a\000l\000h\000a\000\040\000L\000o\000c\000a\000l\000i\000z\000a\000d\000a}{section.4.4}% 69
\BOOKMARK [1][-]{section.4.5}{\376\377\000D\000i\000s\000p\000o\000n\000i\000b\000i\000l\000i\000d\000a\000d\000e\000\040\000B\000a\000s\000e\000a\000d\000a\000\040\000e\000m\000\040\000R\000e\000q\000u\000i\000s\000i\000\347\000\365\000e\000s}{chapter.4}% 70
\BOOKMARK [2][-]{subsection.4.5.1}{\376\377\000E\000x\000e\000m\000p\000l\000o\000\040\000d\000e\000\040\000C\000\341\000l\000c\000u\000l\000o\000\040\000d\000e\000\040\000O\000r\000\347\000a\000m\000e\000n\000t\000o\000\040\000d\000e\000\040\000E\000r\000r\000o}{section.4.5}% 71
\BOOKMARK [1][-]{section.4.6}{\376\377\000M\000o\000n\000i\000t\000o\000r\000a\000\347\000\343\000o\000\040\000d\000e\000\040\000A\000P\000I\000s\000\040\000R\000E\000S\000T\000\040\000e\000\040\000P\000r\000o\000t\000o\000c\000o\000l\000o\000\040\000H\000T\000T\000P}{chapter.4}% 72
\BOOKMARK [2][-]{subsection.4.6.1}{\376\377\000A\000\040\000R\000e\000q\000u\000i\000s\000i\000\347\000\343\000o\000\040\000H\000T\000T\000P}{section.4.6}% 73
\BOOKMARK [2][-]{subsection.4.6.2}{\376\377\000M\000\351\000t\000o\000d\000o\000s\000\040\000H\000T\000T\000P\000\040\000P\000r\000i\000n\000c\000i\000p\000a\000i\000s}{section.4.6}% 74
\BOOKMARK [1][-]{section.4.7}{\376\377\000C\000l\000a\000s\000s\000i\000f\000i\000c\000a\000\347\000\343\000o\000\040\000d\000e\000\040\000C\000\363\000d\000i\000g\000o\000s\000\040\000d\000e\000\040\000S\000t\000a\000t\000u\000s\000\040\000H\000T\000T\000P}{chapter.4}% 75
\BOOKMARK [1][-]{section.4.8}{\376\377\000E\000s\000t\000u\000d\000o\000\040\000d\000e\000\040\000C\000a\000s\000o\000:\000\040\000C\000a\000l\000d\000e\000i\000r\000a\000\040\000I\000n\000d\000u\000s\000t\000r\000i\000a\000l\000\040\000S\000i\000d\000e\000r\000\372\000r\000g\000i\000c\000a}{chapter.4}% 76
\BOOKMARK [2][-]{subsection.4.8.1}{\376\377\000L\000o\000g\000s\000\040\000d\000e\000\040\000E\000x\000e\000c\000u\000\347\000\343\000o}{section.4.8}% 77
\BOOKMARK [2][-]{subsection.4.8.2}{\376\377\000C\000\341\000l\000c\000u\000l\000o\000\040\000d\000a\000\040\000D\000i\000s\000p\000o\000n\000i\000b\000i\000l\000i\000d\000a\000d\000e\000\040\000O\000b\000s\000e\000r\000v\000a\000d\000a}{section.4.8}% 78
\BOOKMARK [1][-]{section.4.9}{\376\377\000S\000e\000r\000v\000i\000c\000e\000\040\000L\000e\000v\000e\000l\000\040\000O\000b\000j\000e\000c\000t\000i\000v\000e\000s\000\040\000\050\000S\000L\000O\000\051\000\040\000e\000\040\000E\000r\000r\000o\000r\000\040\000B\000u\000d\000g\000e\000t\000s}{chapter.4}% 79
\BOOKMARK [1][-]{section.4.10}{\376\377\000E\000x\000e\000r\000c\000\355\000c\000i\000o\000s\000\040\000d\000e\000\040\000R\000e\000v\000i\000s\000\343\000o}{chapter.4}% 80
\BOOKMARK [0][-]{chapter.5}{\376\377\000M\000\351\000t\000r\000i\000c\000a\000s\000\040\000d\000e\000\040\000C\000o\000n\000f\000i\000a\000b\000i\000l\000i\000d\000a\000d\000e\000\040\000n\000o\000\040\000M\000o\000d\000e\000l\000o\000\040\000G\000o\000o\000g\000l\000e\000\040\000S\000R\000E}{}% 81
\BOOKMARK [1][-]{section.5.1}{\376\377\000A\000\040\000F\000i\000l\000o\000s\000o\000f\000i\000a\000\040\000d\000a\000\040\000M\000e\000d\000i\000\347\000\343\000o\000\040\000e\000\040\000a\000\040\000G\000e\000s\000t\000\343\000o\000\040\000d\000e\000\040\000R\000i\000s\000c\000o\000s}{chapter.5}% 82
\BOOKMARK [2][-]{subsection.5.1.1}{\376\377\000I\000m\000p\000a\000c\000t\000o\000s\000\040\000d\000a\000s\000\040\000F\000a\000l\000h\000a\000s\000\040\000d\000e\000\040\000S\000e\000r\000v\000i\000\347\000o}{section.5.1}% 83
\BOOKMARK [1][-]{section.5.2}{\376\377\000D\000o\000w\000n\000t\000i\000m\000e\000\040\000n\000\343\000o\000\040\000P\000l\000a\000n\000e\000j\000a\000d\000o\000\040\000c\000o\000m\000o\000\040\000M\000\351\000t\000r\000i\000c\000a\000\040\000C\000e\000n\000t\000r\000a\000l}{chapter.5}% 84
\BOOKMARK [2][-]{subsection.5.2.1}{\376\377\000D\000e\000f\000i\000n\000i\000\347\000\343\000o\000\040\000e\000\040\000I\000m\000p\000o\000r\000t\000\342\000n\000c\000i\000a}{section.5.2}% 85
\BOOKMARK [1][-]{section.5.3}{\376\377\000D\000i\000s\000p\000o\000n\000i\000b\000i\000l\000i\000d\000a\000d\000e\000:\000\040\000A\000\040\000M\000a\000t\000e\000m\000\341\000t\000i\000c\000a\000\040\000d\000o\000s\000\040\000N\000o\000v\000e\000s}{chapter.5}% 86
\BOOKMARK [1][-]{section.5.4}{\376\377\000L\000i\000m\000i\000t\000a\000\347\000\365\000e\000s\000\040\000d\000o\000\040\000M\000o\000d\000e\000l\000o\000\040\000d\000e\000\040\000D\000i\000s\000p\000o\000n\000i\000b\000i\000l\000i\000d\000a\000d\000e\000\040\000B\000a\000s\000e\000a\000d\000a\000\040\000e\000m\000\040\000T\000e\000m\000p\000o}{chapter.5}% 87
\BOOKMARK [1][-]{section.5.5}{\376\377\000A\000P\000I\000s\000\040\000R\000E\000S\000T\000\040\000e\000\040\000R\000e\000q\000u\000i\000s\000i\000\347\000\365\000e\000s\000:\000\040\000A\000\040\000U\000n\000i\000d\000a\000d\000e\000\040\000F\000u\000n\000d\000a\000m\000e\000n\000t\000a\000l\000\040\000d\000e\000\040\000S\000u\000c\000e\000s\000s\000o}{chapter.5}% 88
\BOOKMARK [2][-]{subsection.5.5.1}{\376\377\000O\000\040\000P\000r\000o\000t\000o\000c\000o\000l\000o\000\040\000H\000T\000T\000P\000\040\000e\000\040\000a\000\040\000C\000o\000n\000f\000i\000a\000b\000i\000l\000i\000d\000a\000d\000e}{section.5.5}% 89
\BOOKMARK [1][-]{section.5.6}{\376\377\000T\000a\000x\000o\000n\000o\000m\000i\000a\000\040\000S\000R\000E\000\040\000d\000e\000\040\000S\000t\000a\000t\000u\000s\000\040\000C\000o\000d\000e\000s\000\040\000H\000T\000T\000P}{chapter.5}% 90
\BOOKMARK [1][-]{section.5.7}{\376\377\000C\000\341\000l\000c\000u\000l\000o\000\040\000d\000e\000\040\000D\000i\000s\000p\000o\000n\000i\000b\000i\000l\000i\000d\000a\000d\000e\000\040\000S\000R\000E\000:\000\040\000A\000\040\000F\000\363\000r\000m\000u\000l\000a\000\040\000F\000u\000n\000d\000a\000m\000e\000n\000t\000a\000l}{chapter.5}% 91
\BOOKMARK [2][-]{subsection.5.7.1}{\376\377\000E\000x\000e\000m\000p\000l\000o\000\040\000d\000e\000\040\000G\000r\000a\000n\000d\000e\000\040\000E\000s\000c\000a\000l\000a}{section.5.7}% 92
\BOOKMARK [1][-]{section.5.8}{\376\377\000S\000L\000O\000\040\000e\000\040\000E\000r\000r\000o\000r\000\040\000B\000u\000d\000g\000e\000t\000:\000\040\000O\000\040\000E\000q\000u\000i\000l\000\355\000b\000r\000i\000o\000\040\000e\000n\000t\000r\000e\000\040\000I\000n\000o\000v\000a\000\347\000\343\000o\000\040\000e\000\040\000E\000s\000t\000a\000b\000i\000l\000i\000d\000a\000d\000e}{chapter.5}% 93
\BOOKMARK [1][-]{section.5.9}{\376\377\000E\000s\000t\000u\000d\000o\000\040\000d\000e\000\040\000C\000a\000s\000o\000\040\000A\000v\000a\000n\000\347\000a\000d\000o\000:\000\040\000A\000\040\000C\000a\000l\000d\000e\000i\000r\000a\000\040\000I\000n\000d\000u\000s\000t\000r\000i\000a\000l\000\040\000I\000I}{chapter.5}% 94
\BOOKMARK [1][-]{section.5.10}{\376\377\000E\000x\000e\000r\000c\000\355\000c\000i\000o\000s\000\040\000d\000e\000\040\000A\000p\000r\000o\000f\000u\000n\000d\000a\000m\000e\000n\000t\000o}{chapter.5}% 95
\BOOKMARK [0][-]{chapter.6}{\376\377\000E\000s\000t\000u\000d\000o\000\040\000d\000e\000\040\000C\000a\000s\000o\000\040\000P\000r\000\341\000t\000i\000c\000o\000:\000\040\000A\000n\000\341\000l\000i\000s\000e\000\040\000d\000e\000\040\000L\000o\000g\000s\000\040\000d\000e\000\040\000S\000e\000r\000v\000i\000d\000o\000r\000\040\000W\000e\000b}{}% 96
\BOOKMARK [1][-]{section.6.1}{\376\377\000C\000o\000n\000t\000e\000x\000t\000o\000\040\000e\000\040\000O\000r\000i\000g\000e\000m\000\040\000d\000o\000s\000\040\000D\000a\000d\000o\000s}{chapter.6}% 97
\BOOKMARK [2][-]{subsection.6.1.1}{\376\377\000R\000e\000v\000i\000s\000\343\000o\000:\000\040\000D\000i\000s\000t\000r\000i\000b\000u\000i\000\347\000\365\000e\000s\000\040\000S\000i\000m\000\351\000t\000r\000i\000c\000a\000s\000,\000\040\000A\000s\000s\000i\000m\000\351\000t\000r\000i\000c\000a\000s\000\040\000e\000\040\000B\000o\000x\000p\000l\000o\000t}{section.6.1}% 98
\BOOKMARK [1][-]{section.6.2}{\376\377\000P\000r\000o\000c\000e\000s\000s\000a\000m\000e\000n\000t\000o\000\040\000d\000e\000\040\000D\000a\000d\000o\000s\000\040\000c\000o\000m\000\040\000P\000y\000t\000h\000o\000n\000\040\000e\000\040\000P\000a\000n\000d\000a\000s}{chapter.6}% 99
\BOOKMARK [1][-]{section.6.3}{\376\377\000A\000n\000\341\000l\000i\000s\000e\000\040\000E\000s\000t\000r\000u\000t\000u\000r\000a\000l\000\040\000e\000\040\000D\000e\000s\000c\000r\000i\000t\000i\000v\000a}{chapter.6}% 100
\BOOKMARK [1][-]{section.6.4}{\376\377\000A\000n\000\341\000l\000i\000s\000e\000\040\000d\000e\000\040\000L\000a\000t\000\352\000n\000c\000i\000a\000:\000\040\000A\000\040\000I\000m\000p\000o\000r\000t\000\342\000n\000c\000i\000a\000\040\000d\000o\000\040\000P\000e\000r\000c\000e\000n\000t\000i\000l\000\040\0009\0000}{chapter.6}% 101
\BOOKMARK [2][-]{subsection.6.4.1}{\376\377\000O\000\040\000F\000o\000c\000o\000\040\000n\000o\000\040\000F\000i\000m\000\040\000d\000a\000\040\000C\000a\000u\000d\000a}{section.6.4}% 102
\BOOKMARK [1][-]{section.6.5}{\376\377\000C\000a\000l\000c\000u\000l\000a\000n\000d\000o\000\040\000D\000i\000s\000p\000o\000n\000i\000b\000i\000l\000i\000d\000a\000d\000e\000\040\000\050\000A\000v\000a\000i\000l\000a\000b\000i\000l\000i\000t\000y\000\051\000\040\000e\000\040\000E\000r\000r\000o\000r\000\040\000R\000a\000t\000e}{chapter.6}% 103
\BOOKMARK [2][-]{subsection.6.5.1}{\376\377\000O\000\040\000T\000e\000s\000t\000e\000\040\000d\000o\000\040\000S\000L\000A\000\040\000e\000\040\000d\000o\000s\000\040\000N\000o\000v\000e\000s}{section.6.5}% 104
\BOOKMARK [1][-]{section.6.6}{\376\377\000D\000i\000s\000c\000u\000s\000s\000\343\000o\000\040\000e\000\040\000C\000a\000u\000s\000a\000\040\000R\000a\000i\000z}{chapter.6}% 105
\BOOKMARK [1][-]{section.6.7}{\376\377\000M\000\351\000t\000r\000i\000c\000a\000s\000\040\000F\000u\000n\000d\000a\000m\000e\000n\000t\000a\000i\000s\000:\000\040\000M\000T\000T\000F\000\040\000e\000\040\000M\000T\000T\000R}{chapter.6}% 106
\BOOKMARK [1][-]{section.6.8}{\376\377\000O\000\040\000F\000a\000t\000o\000r\000\040\000H\000u\000m\000a\000n\000o\000:\000\040\000S\000e\000r\000e\000s\000\040\000H\000u\000m\000a\000n\000o\000s\000\040\000A\000c\000r\000e\000s\000c\000e\000n\000t\000a\000m\000\040\000L\000a\000t\000\352\000n\000c\000i\000a}{chapter.6}% 107
\BOOKMARK [2][-]{subsection.6.8.1}{\376\377\000O\000\040\000M\000a\000n\000u\000a\000l\000\040\000d\000e\000\040\000R\000e\000g\000r\000a\000s\000\040\000\050\000R\000u\000n\000b\000o\000o\000k\000\040\000/\000\040\000P\000l\000a\000y\000b\000o\000o\000k\000\051}{section.6.8}% 108
\BOOKMARK [1][-]{section.6.9}{\376\377\000P\000r\000\341\000t\000i\000c\000a\000s\000\040\000d\000e\000\040\000P\000r\000e\000p\000a\000r\000a\000\347\000\343\000o\000:\000\040\000A\000\040\000C\000u\000l\000t\000u\000r\000a\000\040\000S\000R\000E}{chapter.6}% 109
\BOOKMARK [2][-]{subsection.6.9.1}{\376\377\000A\000\040\000D\000i\000n\000\342\000m\000i\000c\000a\000\040\000d\000o\000\040\000`\000`\000J\000o\000g\000o\000'\000'}{section.6.9}% 110
\BOOKMARK [1][-]{section.6.10}{\376\377\000A\000s\000\040\000C\000o\000i\000s\000a\000s\000\040\000Q\000u\000e\000b\000r\000a\000m\000:\000\040\000A\000\040\000V\000i\000d\000a\000\040\000\311\000\040\000A\000s\000s\000i\000m}{chapter.6}% 111
\BOOKMARK [2][-]{subsection.6.10.1}{\376\377\000O\000\040\000Q\000u\000e\000\040\000F\000a\000z\000e\000r\000\040\000Q\000u\000a\000n\000d\000o\000\040\000o\000s\000\040\000S\000i\000s\000t\000e\000m\000a\000s\000\040\000F\000a\000l\000h\000a\000m}{section.6.10}% 112
\BOOKMARK [1][-]{section.6.11}{\376\377\000E\000s\000t\000u\000d\000o\000s\000\040\000d\000e\000\040\000C\000a\000s\000o\000\040\000S\000R\000E\000:\000\040\000T\000a\000x\000o\000n\000o\000m\000i\000a\000\040\000d\000a\000s\000\040\000E\000m\000e\000r\000g\000\352\000n\000c\000i\000a\000s}{chapter.6}% 113
\BOOKMARK [2][-]{subsection.6.11.1}{\376\377\0001\000.\000\040\000E\000m\000e\000r\000g\000\352\000n\000c\000i\000a\000\040\000I\000n\000d\000u\000z\000i\000d\000a\000\040\000p\000o\000r\000\040\000T\000e\000s\000t\000e\000s\000\040\000\050\000O\000\040\000C\000a\000s\000o\000\040\000d\000o\000\040\000D\000B\000\040\000M\000y\000S\000Q\000L\000\051}{section.6.11}% 114
\BOOKMARK [2][-]{subsection.6.11.2}{\376\377\0002\000.\000\040\000E\000m\000e\000r\000g\000\352\000n\000c\000i\000a\000\040\000I\000n\000d\000u\000z\000i\000d\000a\000\040\000p\000o\000r\000\040\000A\000l\000t\000e\000r\000a\000\347\000\365\000e\000s\000\040\000d\000e\000\040\000C\000o\000n\000f\000i\000g\000u\000r\000a\000\347\000\343\000o}{section.6.11}% 115
\BOOKMARK [2][-]{subsection.6.11.3}{\376\377\0003\000.\000\040\000E\000m\000e\000r\000g\000\352\000n\000c\000i\000a\000\040\000I\000n\000d\000u\000z\000i\000d\000a\000\040\000p\000o\000r\000\040\000P\000r\000o\000c\000e\000s\000s\000o\000s\000\040\000A\000u\000t\000o\000m\000\341\000t\000i\000c\000o\000s\000\040\000\050\000C\000a\000s\000o\000\040\000D\000i\000s\000k\000e\000r\000a\000s\000e\000\051}{section.6.11}% 116
\BOOKMARK [1][-]{section.6.12}{\376\377\000A\000p\000r\000e\000n\000d\000a\000\040\000c\000o\000m\000\040\000o\000\040\000P\000a\000s\000s\000a\000d\000o\000:\000\040\000O\000\040\000V\000a\000l\000o\000r\000\040\000d\000a\000\040\000C\000u\000l\000t\000u\000r\000a\000\040\000B\000l\000a\000m\000e\000l\000e\000s\000s}{chapter.6}% 117
\BOOKMARK [2][-]{subsection.6.12.1}{\376\377\000T\000e\000s\000t\000e\000s\000\040\000P\000r\000o\000a\000t\000i\000v\000o\000s\000\040\000e\000\040\000o\000\040\000C\000\355\000r\000c\000u\000l\000o\000\040\000V\000i\000r\000t\000u\000o\000s\000o\000\040\000d\000a\000\040\000R\000e\000s\000i\000l\000i\000\352\000n\000c\000i\000a\000\040\000S\000i\000s\000t\000\352\000m\000i\000c\000a}{section.6.12}% 118
\BOOKMARK [0][-]{chapter.7}{\376\377\000E\000n\000g\000e\000n\000h\000a\000r\000i\000a\000\040\000d\000e\000\040\000S\000e\000g\000u\000r\000a\000n\000\347\000a}{}% 119
\BOOKMARK [1][-]{section.7.1}{\376\377\000O\000\040\000S\000o\000f\000t\000w\000a\000r\000e\000\040\000c\000o\000m\000o\000\040\000C\000o\000m\000p\000o\000n\000e\000n\000t\000e\000\040\000C\000r\000\355\000t\000i\000c\000o\000:\000\040\000O\000\040\000C\000a\000s\000o\000\040\000d\000e\000\040\000V\000a\000r\000s\000\363\000v\000i\000a}{chapter.7}% 120
\BOOKMARK [1][-]{section.7.2}{\376\377\000O\000\040\000q\000u\000e\000\040\000\351\000\040\000S\000e\000g\000u\000r\000a\000n\000\347\000a\000\040\000\050\000S\000a\000f\000e\000t\000y\000\051\000?}{chapter.7}% 121
\BOOKMARK [2][-]{subsection.7.2.1}{\376\377\000S\000a\000f\000e\000t\000y\000\040\000v\000e\000r\000s\000u\000s\000\040\000S\000e\000c\000u\000r\000i\000t\000y}{section.7.2}% 122
\BOOKMARK [1][-]{section.7.3}{\376\377\000A\000\040\000S\000e\000g\000u\000r\000a\000n\000\347\000a\000\040\000n\000a\000\040\000\301\000r\000v\000o\000r\000e\000\040\000d\000a\000\040\000D\000e\000p\000e\000n\000d\000a\000b\000i\000l\000i\000d\000a\000d\000e}{chapter.7}% 123
\BOOKMARK [1][-]{section.7.4}{\376\377\000O\000\040\000D\000u\000p\000l\000o\000\040\000P\000a\000p\000e\000l\000\040\000d\000o\000\040\000S\000o\000f\000t\000w\000a\000r\000e\000\040\000n\000a\000\040\000S\000e\000g\000u\000r\000a\000n\000\347\000a}{chapter.7}% 124
\BOOKMARK [2][-]{subsection.7.4.1}{\376\377\000P\000a\000p\000e\000l\000\040\0001\000:\000\040\000C\000o\000n\000t\000r\000o\000l\000e\000\040\000D\000i\000r\000e\000t\000o}{section.7.4}% 125
\BOOKMARK [2][-]{subsection.7.4.2}{\376\377\000P\000a\000p\000e\000l\000\040\0002\000:\000\040\000M\000o\000n\000i\000t\000o\000r\000a\000m\000e\000n\000t\000o\000\040\000e\000\040\000S\000a\000l\000v\000a\000g\000u\000a\000r\000d\000a}{section.7.4}% 126
\BOOKMARK [1][-]{section.7.5}{\376\377\000A\000\040\000F\000a\000l\000\341\000c\000i\000a\000:\000\040\000S\000e\000\040\000\351\000\040\000C\000o\000n\000f\000i\000\341\000v\000e\000l\000,\000\040\000\351\000\040\000S\000e\000g\000u\000r\000o}{chapter.7}% 127
\BOOKMARK [1][-]{section.7.6}{\376\377\000A\000n\000\341\000l\000i\000s\000e\000\040\000d\000e\000\040\000P\000e\000r\000i\000g\000o\000s\000:\000\040\000A\000n\000t\000e\000c\000i\000p\000a\000n\000d\000o\000\040\000o\000\040\000D\000e\000s\000a\000s\000t\000r\000e}{chapter.7}% 128
\BOOKMARK [2][-]{subsection.7.6.1}{\376\377\000\301\000r\000v\000o\000r\000e\000\040\000d\000e\000\040\000F\000a\000l\000h\000a\000s\000\040\000\050\000F\000a\000u\000l\000t\000\040\000T\000r\000e\000e\000\040\000A\000n\000a\000l\000y\000s\000i\000s\000\040\040\024\000\040\000F\000T\000A\000\051}{section.7.6}% 129
\BOOKMARK [2][-]{subsection.7.6.2}{\376\377\000F\000M\000E\000A\000:\000\040\000A\000n\000\341\000l\000i\000s\000e\000\040\000d\000e\000\040\000M\000o\000d\000o\000s\000\040\000d\000e\000\040\000F\000a\000l\000h\000a\000\040\000e\000\040\000E\000f\000e\000i\000t\000o\000s}{section.7.6}% 130
\BOOKMARK [1][-]{section.7.7}{\376\377\000C\000a\000t\000e\000g\000o\000r\000i\000a\000s\000\040\000d\000e\000\040\000C\000r\000i\000t\000i\000c\000i\000d\000a\000d\000e\000\040\000e\000m\000\040\000S\000e\000g\000u\000r\000a\000n\000\347\000a}{chapter.7}% 131
\BOOKMARK [1][-]{section.7.8}{\376\377\000R\000e\000q\000u\000i\000s\000i\000t\000o\000s\000\040\000d\000e\000\040\000S\000e\000g\000u\000r\000a\000n\000\347\000a\000:\000\040\000O\000\040\000P\000o\000d\000e\000r\000\040\000d\000o\000\040\000`\000`\000N\000\343\000o\000\040\000D\000e\000v\000e\000'\000'}{chapter.7}% 132
\BOOKMARK [1][-]{section.7.9}{\376\377\000A\000r\000q\000u\000i\000t\000e\000t\000u\000r\000a\000\040\000e\000\040\000P\000r\000o\000g\000r\000a\000m\000a\000\347\000\343\000o\000\040\000p\000a\000r\000a\000\040\000S\000i\000s\000t\000e\000m\000a\000s\000\040\000S\000e\000g\000u\000r\000o\000s}{chapter.7}% 133
\BOOKMARK [2][-]{subsection.7.9.1}{\376\377\000P\000r\000e\000v\000e\000n\000\347\000\343\000o\000\040\000d\000e\000\040\000F\000a\000l\000h\000a\000s\000\040\000\050\000F\000u\000g\000a\000\040\000d\000e\000\040\000E\000r\000r\000o\000s\000\051}{section.7.9}% 134
\BOOKMARK [2][-]{subsection.7.9.2}{\376\377\000T\000o\000l\000e\000r\000\342\000n\000c\000i\000a\000\040\000a\000\040\000F\000a\000l\000h\000a\000s\000\040\000\050\000R\000e\000d\000u\000n\000d\000\342\000n\000c\000i\000a\000\040\000e\000\040\000V\000o\000t\000a\000\347\000\343\000o\000\051}{section.7.9}% 135
\BOOKMARK [2][-]{subsection.7.9.3}{\376\377\000O\000\040\000E\000s\000t\000a\000d\000o\000\040\000S\000e\000g\000u\000r\000o\000\040\000\050\000S\000a\000f\000e\000\040\000S\000t\000a\000t\000e\000\051}{section.7.9}% 136
\BOOKMARK [1][-]{section.7.10}{\376\377\000S\000o\000f\000t\000w\000a\000r\000e\000\040\000C\000r\000\355\000t\000i\000c\000o\000\040\000P\000r\000i\000m\000\341\000r\000i\000o\000\040\000v\000s\000.\000\040\000S\000e\000c\000u\000n\000d\000\341\000r\000i\000o}{chapter.7}% 137
\BOOKMARK [1][-]{section.7.11}{\376\377\000E\000s\000p\000e\000c\000i\000f\000i\000c\000a\000\347\000\343\000o\000\040\000D\000i\000r\000i\000g\000i\000d\000a\000\040\000p\000o\000r\000\040\000P\000e\000r\000i\000g\000o\000s}{chapter.7}% 138
\BOOKMARK [2][-]{subsection.7.11.1}{\376\377\000T\000e\000r\000m\000i\000n\000o\000l\000o\000g\000i\000a\000\040\000F\000u\000n\000d\000a\000m\000e\000n\000t\000a\000l}{section.7.11}% 139
\BOOKMARK [2][-]{subsection.7.11.2}{\376\377\000O\000\040\000F\000l\000u\000x\000o\000\040\000d\000a\000\040\000E\000s\000p\000e\000c\000i\000f\000i\000c\000a\000\347\000\343\000o}{section.7.11}% 140
\BOOKMARK [1][-]{section.7.12}{\376\377\000A\000b\000o\000r\000d\000a\000g\000e\000n\000s\000\040\000P\000r\000\341\000t\000i\000c\000a\000s\000\040\000p\000a\000r\000a\000\040\000M\000i\000t\000i\000g\000a\000\347\000\343\000o\000\040\000d\000e\000\040\000R\000i\000s\000c\000o\000s}{chapter.7}% 141
\BOOKMARK [1][-]{section.7.13}{\376\377\000C\000u\000l\000t\000u\000r\000a\000\040\000d\000e\000\040\000S\000e\000g\000u\000r\000a\000n\000\347\000a\000\040\000e\000\040\000`\000`\000A\000c\000i\000d\000e\000n\000t\000e\000s\000\040\000N\000o\000r\000m\000a\000i\000s\000'\000'}{chapter.7}% 142
\BOOKMARK [1][-]{section.7.14}{\376\377\000O\000\040\000R\000e\000g\000i\000s\000t\000r\000o\000\040\000d\000e\000\040\000P\000e\000r\000i\000g\000o\000s\000\040\000\050\000H\000a\000z\000a\000r\000d\000\040\000R\000e\000g\000i\000s\000t\000r\000y\000\051}{chapter.7}% 143
\BOOKMARK [0][-]{appendix.A}{\376\377\000E\000x\000e\000r\000c\000\355\000c\000i\000o\000s\000\040\000d\000e\000\040\000F\000i\000x\000a\000\347\000\343\000o}{}% 144
\BOOKMARK [0][-]{appendix.B}{\376\377\000A\000t\000i\000v\000i\000d\000a\000d\000e\000\040\000P\000r\000\341\000t\000i\000c\000a\000\040\000S\000u\000g\000e\000r\000i\000d\000a}{}% 145
\BOOKMARK [0][-]{appendix.C}{\376\377\000G\000l\000o\000s\000s\000\341\000r\000i\000o\000\040\000d\000e\000\040\000T\000e\000r\000m\000o\000s\000\040\000T\000\351\000c\000n\000i\000c\000o\000s}{}% 146
\BOOKMARK [0][-]{appendix.D}{\376\377\000T\000a\000b\000e\000l\000a\000\040\000d\000e\000\040\000S\000i\000g\000l\000a\000s\000\040\000e\000\040\000A\000c\000r\000\364\000n\000i\000m\000o\000s}{}% 147
\BOOKMARK [0][-]{appendix*.29}{\376\377\000R\000e\000f\000e\000r\000\352\000n\000c\000i\000a\000s\000\040\000B\000i\000b\000l\000i\000o\000g\000r\000\341\000f\000i\000c\000a\000s}{}% 148
